Arguments: 
  /usr/local/bin/node /usr/local/Cellar/yarn/1.22.10/libexec/bin/yarn.js start

PATH: 
  /usr/local/sbin:/Users/andrew/opt/anaconda3/bin:/Users/andrew/opt/anaconda3/condabin:/usr/local/bin:/usr/bin:/bin:/usr/sbin:/sbin:/usr/local/share/dotnet:/opt/X11/bin:~/.dotnet/tools:/Library/Apple/usr/bin:/Library/Frameworks/Mono.framework/Versions/Current/Commands

Yarn version: 
  1.22.10

Node version: 
  12.18.4

Platform: 
  darwin x64

Trace: 
  SyntaxError: /Users/andrew/Masters/Fall 2020/Web Development/Project_2/jobapplicationtracker/package.json: Unexpected token } in JSON at position 467
      at JSON.parse (<anonymous>)
      at /usr/local/Cellar/yarn/1.22.10/libexec/lib/cli.js:1625:59
      at Generator.next (<anonymous>)
      at step (/usr/local/Cellar/yarn/1.22.10/libexec/lib/cli.js:310:30)
      at /usr/local/Cellar/yarn/1.22.10/libexec/lib/cli.js:321:13

npm manifest: 
  {
    "name": "jobapplicationtracker",
    "version": "0.0.0",
    "private": true,
    "scripts": {
      "start": "nodemon ./bin/www"
    },
    "dependencies": {
      "cookie-parser": "~1.4.4",
      "debug": "~2.6.9",
      "express": "~4.16.1",
      "mongodb": "^3.6.2",
      "morgan": "~1.9.1"
    },
    "devDependencies": {
      "eslint": "^7.11.0",
      "eslint-config-prettier": "^6.14.0",
      "eslint-plugin-react": "^7.21.5",
      "nodemon": "^2.0.6",
      "prettier": "^2.1.2"
    },
  
  }

yarn manifest: 
  No manifest

Lockfile: 
  No lockfile
