Arguments: 
  /usr/local/bin/node /usr/local/Cellar/yarn/1.22.10/libexec/bin/yarn.js build

PATH: 
  /usr/local/sbin:/Users/andrew/opt/anaconda3/bin:/Users/andrew/opt/anaconda3/condabin:/usr/local/bin:/usr/bin:/bin:/usr/sbin:/sbin:/usr/local/share/dotnet:/opt/X11/bin:~/.dotnet/tools:/Library/Apple/usr/bin:/Library/Frameworks/Mono.framework/Versions/Current/Commands

Yarn version: 
  1.22.10

Node version: 
  12.18.4

Platform: 
  darwin x64

Trace: 
  SyntaxError: /Users/andrew/Masters/Fall 2020/Web Development/Project_2/jobapplicationtracker/interapp/package.json: Unexpected token } in JSON at position 1195
      at JSON.parse (<anonymous>)
      at /usr/local/Cellar/yarn/1.22.10/libexec/lib/cli.js:1625:59
      at Generator.next (<anonymous>)
      at step (/usr/local/Cellar/yarn/1.22.10/libexec/lib/cli.js:310:30)
      at /usr/local/Cellar/yarn/1.22.10/libexec/lib/cli.js:321:13

npm manifest: 
  {
    "name": "interapp",
    "version": "0.1.0",
    "private": true,
    "homepage": "",
    "dependencies": {
      "@testing-library/jest-dom": "^5.11.5",
      "@testing-library/react": "^11.1.0",
      "@testing-library/user-event": "^12.1.10",
      "mdbreact": "^4.27.0",
      "moment": "^2.29.1",
      "react": "^17.0.1",
      "react-big-calendar": "^0.28.1",
      "react-dom": "^17.0.1",
      "react-scripts": "4.0.0",
      "web-vitals": "^0.2.4"
    },
    "scripts": {
      "start": "react-scripts start",
      "build": "react-scripts build",
      "test": "react-scripts test",
      "eject": "react-scripts eject"
    },
    "eslintConfig": {
      "extends": [
        "react-app",
        "react-app/jest"
      ]
    },
    "browserslist": {
      "production": [
        ">0.2%",
        "not dead",
        "not op_mini all"
      ],
      "development": [
        "last 1 chrome version",
        "last 1 firefox version",
        "last 1 safari version"
      ]
    },
    "devDependencies": {
      "@babel/core": "^7.12.3",
      "@fullcalendar/core": "^5.3.1",
      "@fullcalendar/daygrid": "^5.3.2",
      "bootstrap": "^4.5.3",
      "loadash": "^1.0.0",
      "lodash": "^4.17.20",
      "react-bootstrap": "^1.4.0",
      "react-router-dom": "^5.2.0"
    },
  }

yarn manifest: 
  No manifest

Lockfile: 
  No lockfile
